-------------------------------------------------------------------------------
Test set: com.ko.emenu.integration.java.ModuleIntegrationTest
-------------------------------------------------------------------------------
Tests run: 2, Failures: 2, Errors: 0, Skipped: 0, Time elapsed: 0.354 sec <<< FAILURE!
testSomethingElse(com.ko.emenu.integration.java.ModuleIntegrationTest)  Time elapsed: 0.321 sec  <<< FAILURE!
java.lang.AssertionError: deploymentID should not be null
	at org.junit.Assert.fail(Assert.java:88)
	at org.junit.Assert.assertTrue(Assert.java:41)
	at org.junit.Assert.assertNotNull(Assert.java:621)
	at org.vertx.testtools.VertxAssert.assertNotNull(VertxAssert.java:240)
	at com.ko.emenu.integration.java.ModuleIntegrationTest$2.handle(ModuleIntegrationTest.java:79)
	at com.ko.emenu.integration.java.ModuleIntegrationTest$2.handle(ModuleIntegrationTest.java:74)
	at org.vertx.java.platform.impl.DefaultPlatformManager$15$1.run(DefaultPlatformManager.java:714)
	at org.vertx.java.core.impl.DefaultContext$3.run(DefaultContext.java:176)
	at io.netty.util.concurrent.SingleThreadEventExecutor.runAllTasks(SingleThreadEventExecutor.java:354)
	at io.netty.channel.nio.NioEventLoop.run(NioEventLoop.java:353)
	at io.netty.util.concurrent.SingleThreadEventExecutor$2.run(SingleThreadEventExecutor.java:101)
	at java.lang.Thread.run(Thread.java:724)

testPing(com.ko.emenu.integration.java.ModuleIntegrationTest)  Time elapsed: 0.03 sec  <<< FAILURE!
java.lang.AssertionError: deploymentID should not be null
	at org.junit.Assert.fail(Assert.java:88)
	at org.junit.Assert.assertTrue(Assert.java:41)
	at org.junit.Assert.assertNotNull(Assert.java:621)
	at org.vertx.testtools.VertxAssert.assertNotNull(VertxAssert.java:240)
	at com.ko.emenu.integration.java.ModuleIntegrationTest$2.handle(ModuleIntegrationTest.java:79)
	at com.ko.emenu.integration.java.ModuleIntegrationTest$2.handle(ModuleIntegrationTest.java:74)
	at org.vertx.java.platform.impl.DefaultPlatformManager$15$1.run(DefaultPlatformManager.java:714)
	at org.vertx.java.core.impl.DefaultContext$3.run(DefaultContext.java:176)
	at io.netty.util.concurrent.SingleThreadEventExecutor.runAllTasks(SingleThreadEventExecutor.java:354)
	at io.netty.channel.nio.NioEventLoop.run(NioEventLoop.java:353)
	at io.netty.util.concurrent.SingleThreadEventExecutor$2.run(SingleThreadEventExecutor.java:101)
	at java.lang.Thread.run(Thread.java:724)

