<?xml version="1.0" encoding="UTF-8"?>
<testsuite name="com.ko.emenu.integration.java.ModuleIntegrationTest" time="0.351" tests="2" errors="0" skipped="0" failures="2">
  <properties>
    <property name="java.runtime.name" value="OpenJDK Runtime Environment"/>
    <property name="sun.boot.library.path" value="/usr/lib/jvm/java-7-openjdk-i386/jre/lib/i386"/>
    <property name="java.vm.version" value="23.7-b01"/>
    <property name="java.vm.vendor" value="Oracle Corporation"/>
    <property name="java.vendor.url" value="http://java.oracle.com/"/>
    <property name="path.separator" value=":"/>
    <property name="guice.disable.misplaced.annotation.check" value="true"/>
    <property name="java.vm.name" value="OpenJDK Server VM"/>
    <property name="file.encoding.pkg" value="sun.io"/>
    <property name="user.country" value="US"/>
    <property name="sun.java.launcher" value="SUN_STANDARD"/>
    <property name="sun.os.patch.level" value="unknown"/>
    <property name="java.vm.specification.name" value="Java Virtual Machine Specification"/>
    <property name="user.dir" value="/home/recovery/sources/emenu/VertxService"/>
    <property name="java.runtime.version" value="1.7.0_25-b30"/>
    <property name="java.awt.graphicsenv" value="sun.awt.X11GraphicsEnvironment"/>
    <property name="java.endorsed.dirs" value="/usr/lib/jvm/java-7-openjdk-i386/jre/lib/endorsed"/>
    <property name="os.arch" value="i386"/>
    <property name="java.io.tmpdir" value="/tmp"/>
    <property name="line.separator" value="&#10;"/>
    <property name="java.vm.specification.vendor" value="Oracle Corporation"/>
    <property name="os.name" value="Linux"/>
    <property name="classworlds.conf" value="/usr/share/maven/bin/m2.conf"/>
    <property name="sun.jnu.encoding" value="UTF-8"/>
    <property name="java.library.path" value="/usr/java/packages/lib/i386:/usr/lib/jni:/lib:/usr/lib"/>
    <property name="java.specification.name" value="Java Platform API Specification"/>
    <property name="java.class.version" value="51.0"/>
    <property name="sun.management.compiler" value="HotSpot Tiered Compilers"/>
    <property name="os.version" value="3.8.0-19-generic"/>
    <property name="user.home" value="/home/recovery"/>
    <property name="user.timezone" value="Asia/Bangkok"/>
    <property name="java.awt.printerjob" value="sun.print.PSPrinterJob"/>
    <property name="file.encoding" value="UTF-8"/>
    <property name="java.specification.version" value="1.7"/>
    <property name="user.name" value="recovery"/>
    <property name="java.class.path" value="/usr/share/maven/boot/plexus-classworlds-2.x.jar"/>
    <property name="java.vm.specification.version" value="1.7"/>
    <property name="sun.arch.data.model" value="32"/>
    <property name="java.home" value="/usr/lib/jvm/java-7-openjdk-i386/jre"/>
    <property name="sun.java.command" value="org.codehaus.plexus.classworlds.launcher.Launcher install"/>
    <property name="java.specification.vendor" value="Oracle Corporation"/>
    <property name="user.language" value="en"/>
    <property name="awt.toolkit" value="sun.awt.X11.XToolkit"/>
    <property name="java.vm.info" value="mixed mode"/>
    <property name="java.version" value="1.7.0_25"/>
    <property name="java.ext.dirs" value="/usr/lib/jvm/java-7-openjdk-i386/jre/lib/ext:/usr/java/packages/lib/ext"/>
    <property name="securerandom.source" value="file:/dev/./urandom"/>
    <property name="sun.boot.class.path" value="/usr/lib/jvm/java-7-openjdk-i386/jre/lib/resources.jar:/usr/lib/jvm/java-7-openjdk-i386/jre/lib/rt.jar:/usr/lib/jvm/java-7-openjdk-i386/jre/lib/sunrsasign.jar:/usr/lib/jvm/java-7-openjdk-i386/jre/lib/jsse.jar:/usr/lib/jvm/java-7-openjdk-i386/jre/lib/jce.jar:/usr/lib/jvm/java-7-openjdk-i386/jre/lib/charsets.jar:/usr/lib/jvm/java-7-openjdk-i386/jre/lib/netx.jar:/usr/lib/jvm/java-7-openjdk-i386/jre/lib/plugin.jar:/usr/lib/jvm/java-7-openjdk-i386/jre/lib/rhino.jar:/usr/lib/jvm/java-7-openjdk-i386/jre/lib/jfr.jar:/usr/lib/jvm/java-7-openjdk-i386/jre/classes"/>
    <property name="java.vendor" value="Oracle Corporation"/>
    <property name="maven.home" value="/usr/share/maven"/>
    <property name="file.separator" value="/"/>
    <property name="java.vendor.url.bug" value="http://bugreport.sun.com/bugreport/"/>
    <property name="sun.cpu.endian" value="little"/>
    <property name="sun.io.unicode.encoding" value="UnicodeLittle"/>
    <property name="sun.cpu.isalist" value=""/>
  </properties>
  <testcase name="testSomethingElse" classname="com.ko.emenu.integration.java.ModuleIntegrationTest" time="0.321">
    <failure message="deploymentID should not be null" type="java.lang.AssertionError">java.lang.AssertionError: deploymentID should not be null
	at org.junit.Assert.fail(Assert.java:88)
	at org.junit.Assert.assertTrue(Assert.java:41)
	at org.junit.Assert.assertNotNull(Assert.java:621)
	at org.vertx.testtools.VertxAssert.assertNotNull(VertxAssert.java:240)
	at com.ko.emenu.integration.java.ModuleIntegrationTest$2.handle(ModuleIntegrationTest.java:79)
	at com.ko.emenu.integration.java.ModuleIntegrationTest$2.handle(ModuleIntegrationTest.java:74)
	at org.vertx.java.platform.impl.DefaultPlatformManager$15$1.run(DefaultPlatformManager.java:714)
	at org.vertx.java.core.impl.DefaultContext$3.run(DefaultContext.java:176)
	at io.netty.util.concurrent.SingleThreadEventExecutor.runAllTasks(SingleThreadEventExecutor.java:354)
	at io.netty.channel.nio.NioEventLoop.run(NioEventLoop.java:353)
	at io.netty.util.concurrent.SingleThreadEventExecutor$2.run(SingleThreadEventExecutor.java:101)
	at java.lang.Thread.run(Thread.java:724)
</failure>
    <system-out>Starting test: testSomethingElse
</system-out>
    <system-err>java.lang.AssertionError
	at org.junit.Assert.fail(Assert.java:86)
	at org.junit.Assert.assertTrue(Assert.java:41)
	at org.junit.Assert.assertTrue(Assert.java:52)
	at org.vertx.testtools.VertxAssert.assertTrue(VertxAssert.java:224)
	at com.ko.emenu.integration.java.ModuleIntegrationTest$2.handle(ModuleIntegrationTest.java:78)
	at com.ko.emenu.integration.java.ModuleIntegrationTest$2.handle(ModuleIntegrationTest.java:74)
	at org.vertx.java.platform.impl.DefaultPlatformManager$15$1.run(DefaultPlatformManager.java:714)
	at org.vertx.java.core.impl.DefaultContext$3.run(DefaultContext.java:176)
	at io.netty.util.concurrent.SingleThreadEventExecutor.runAllTasks(SingleThreadEventExecutor.java:354)
	at io.netty.channel.nio.NioEventLoop.run(NioEventLoop.java:353)
	at io.netty.util.concurrent.SingleThreadEventExecutor$2.run(SingleThreadEventExecutor.java:101)
	at java.lang.Thread.run(Thread.java:724)
java.lang.AssertionError: deploymentID should not be null
	at org.junit.Assert.fail(Assert.java:88)
	at org.junit.Assert.assertTrue(Assert.java:41)
	at org.junit.Assert.assertNotNull(Assert.java:621)
	at org.vertx.testtools.VertxAssert.assertNotNull(VertxAssert.java:240)
	at com.ko.emenu.integration.java.ModuleIntegrationTest$2.handle(ModuleIntegrationTest.java:79)
	at com.ko.emenu.integration.java.ModuleIntegrationTest$2.handle(ModuleIntegrationTest.java:74)
	at org.vertx.java.platform.impl.DefaultPlatformManager$15$1.run(DefaultPlatformManager.java:714)
	at org.vertx.java.core.impl.DefaultContext$3.run(DefaultContext.java:176)
	at io.netty.util.concurrent.SingleThreadEventExecutor.runAllTasks(SingleThreadEventExecutor.java:354)
	at io.netty.channel.nio.NioEventLoop.run(NioEventLoop.java:353)
	at io.netty.util.concurrent.SingleThreadEventExecutor$2.run(SingleThreadEventExecutor.java:101)
	at java.lang.Thread.run(Thread.java:724)
</system-err>
  </testcase>
  <testcase name="testPing" classname="com.ko.emenu.integration.java.ModuleIntegrationTest" time="0.03">
    <failure message="deploymentID should not be null" type="java.lang.AssertionError">java.lang.AssertionError: deploymentID should not be null
	at org.junit.Assert.fail(Assert.java:88)
	at org.junit.Assert.assertTrue(Assert.java:41)
	at org.junit.Assert.assertNotNull(Assert.java:621)
	at org.vertx.testtools.VertxAssert.assertNotNull(VertxAssert.java:240)
	at com.ko.emenu.integration.java.ModuleIntegrationTest$2.handle(ModuleIntegrationTest.java:79)
	at com.ko.emenu.integration.java.ModuleIntegrationTest$2.handle(ModuleIntegrationTest.java:74)
	at org.vertx.java.platform.impl.DefaultPlatformManager$15$1.run(DefaultPlatformManager.java:714)
	at org.vertx.java.core.impl.DefaultContext$3.run(DefaultContext.java:176)
	at io.netty.util.concurrent.SingleThreadEventExecutor.runAllTasks(SingleThreadEventExecutor.java:354)
	at io.netty.channel.nio.NioEventLoop.run(NioEventLoop.java:353)
	at io.netty.util.concurrent.SingleThreadEventExecutor$2.run(SingleThreadEventExecutor.java:101)
	at java.lang.Thread.run(Thread.java:724)
</failure>
    <system-out>Starting test: testPing
</system-out>
    <system-err>Dec 29, 2013 6:09:55 PM org.vertx.java.core.logging.impl.JULLogDelegate info
INFO: in testPing()
java.lang.AssertionError
	at org.junit.Assert.fail(Assert.java:86)
	at org.junit.Assert.assertTrue(Assert.java:41)
	at org.junit.Assert.assertTrue(Assert.java:52)
	at org.vertx.testtools.VertxAssert.assertTrue(VertxAssert.java:224)
	at com.ko.emenu.integration.java.ModuleIntegrationTest$2.handle(ModuleIntegrationTest.java:78)
	at com.ko.emenu.integration.java.ModuleIntegrationTest$2.handle(ModuleIntegrationTest.java:74)
	at org.vertx.java.platform.impl.DefaultPlatformManager$15$1.run(DefaultPlatformManager.java:714)
	at org.vertx.java.core.impl.DefaultContext$3.run(DefaultContext.java:176)
	at io.netty.util.concurrent.SingleThreadEventExecutor.runAllTasks(SingleThreadEventExecutor.java:354)
	at io.netty.channel.nio.NioEventLoop.run(NioEventLoop.java:353)
	at io.netty.util.concurrent.SingleThreadEventExecutor$2.run(SingleThreadEventExecutor.java:101)
	at java.lang.Thread.run(Thread.java:724)
java.lang.AssertionError: deploymentID should not be null
	at org.junit.Assert.fail(Assert.java:88)
	at org.junit.Assert.assertTrue(Assert.java:41)
	at org.junit.Assert.assertNotNull(Assert.java:621)
	at org.vertx.testtools.VertxAssert.assertNotNull(VertxAssert.java:240)
	at com.ko.emenu.integration.java.ModuleIntegrationTest$2.handle(ModuleIntegrationTest.java:79)
	at com.ko.emenu.integration.java.ModuleIntegrationTest$2.handle(ModuleIntegrationTest.java:74)
	at org.vertx.java.platform.impl.DefaultPlatformManager$15$1.run(DefaultPlatformManager.java:714)
	at org.vertx.java.core.impl.DefaultContext$3.run(DefaultContext.java:176)
	at io.netty.util.concurrent.SingleThreadEventExecutor.runAllTasks(SingleThreadEventExecutor.java:354)
	at io.netty.channel.nio.NioEventLoop.run(NioEventLoop.java:353)
	at io.netty.util.concurrent.SingleThreadEventExecutor$2.run(SingleThreadEventExecutor.java:101)
	at java.lang.Thread.run(Thread.java:724)
</system-err>
  </testcase>
</testsuite>