<?xml version="1.0" encoding="UTF-8"?>
<testsuite name="com.ko.emenu.integration.java.ModuleIntegrationTest" time="0.351" tests="2" errors="0" skipped="0" failures="2">
  <properties>
[...]
</properties>
  <testcase name="testSomethingElse" classname="com.ko.emenu.integration.java.ModuleIntegrationTest" time="0.321">
    <failure message="deploymentID should not be null" type="java.lang.AssertionError">java.lang.AssertionError: deploymentID should not be null
	at org.junit.Assert.fail(Assert.java:88)
	at org.junit.Assert.assertTrue(Assert.java:41)
	at org.junit.Assert.assertNotNull(Assert.java:621)
	at org.vertx.testtools.VertxAssert.assertNotNull(VertxAssert.java:240)
	at com.ko.emenu.integration.java.ModuleIntegrationTest$2.handle(ModuleIntegrationTest.java:79)
	at com.ko.emenu.integration.java.ModuleIntegrationTest$2.handle(ModuleIntegrationTest.java:74)
	at org.vertx.java.platform.impl.DefaultPlatformManager$15$1.run(DefaultPlatformManager.java:714)
	at org.vertx.java.core.impl.DefaultContext$3.run(DefaultContext.java:176)
	at io.netty.util.concurrent.SingleThreadEventExecutor.runAllTasks(SingleThreadEventExecutor.java:354)
	at io.netty.channel.nio.NioEventLoop.run(NioEventLoop.java:353)
	at io.netty.util.concurrent.SingleThreadEventExecutor$2.run(SingleThreadEventExecutor.java:101)
	at java.lang.Thread.run(Thread.java:724)
</failure>
    <system-out>Starting test: testSomethingElse
</system-out>
    <system-err>java.lang.AssertionError
	at org.junit.Assert.fail(Assert.java:86)
	at org.junit.Assert.assertTrue(Assert.java:41)
	at org.junit.Assert.assertTrue(Assert.java:52)
	at org.vertx.testtools.VertxAssert.assertTrue(VertxAssert.java:224)
	at com.ko.emenu.integration.java.ModuleIntegrationTest$2.handle(ModuleIntegrationTest.java:78)
	at com.ko.emenu.integration.java.ModuleIntegrationTest$2.handle(ModuleIntegrationTest.java:74)
	at org.vertx.java.platform.impl.DefaultPlatformManager$15$1.run(DefaultPlatformManager.java:714)
	at org.vertx.java.core.impl.DefaultContext$3.run(DefaultContext.java:176)
	at io.netty.util.concurrent.SingleThreadEventExecutor.runAllTasks(SingleThreadEventExecutor.java:354)
	at io.netty.channel.nio.NioEventLoop.run(NioEventLoop.java:353)
	at io.netty.util.concurrent.SingleThreadEventExecutor$2.run(SingleThreadEventExecutor.java:101)
	at java.lang.Thread.run(Thread.java:724)
java.lang.AssertionError: deploymentID should not be null
	at org.junit.Assert.fail(Assert.java:88)
	at org.junit.Assert.assertTrue(Assert.java:41)
	at org.junit.Assert.assertNotNull(Assert.java:621)
	at org.vertx.testtools.VertxAssert.assertNotNull(VertxAssert.java:240)
	at com.ko.emenu.integration.java.ModuleIntegrationTest$2.handle(ModuleIntegrationTest.java:79)
	at com.ko.emenu.integration.java.ModuleIntegrationTest$2.handle(ModuleIntegrationTest.java:74)
	at org.vertx.java.platform.impl.DefaultPlatformManager$15$1.run(DefaultPlatformManager.java:714)
	at org.vertx.java.core.impl.DefaultContext$3.run(DefaultContext.java:176)
	at io.netty.util.concurrent.SingleThreadEventExecutor.runAllTasks(SingleThreadEventExecutor.java:354)
	at io.netty.channel.nio.NioEventLoop.run(NioEventLoop.java:353)
	at io.netty.util.concurrent.SingleThreadEventExecutor$2.run(SingleThreadEventExecutor.java:101)
	at java.lang.Thread.run(Thread.java:724)
</system-err>
  </testcase>
  <testcase name="testPing" classname="com.ko.emenu.integration.java.ModuleIntegrationTest" time="0.03">
    <failure message="deploymentID should not be null" type="java.lang.AssertionError">java.lang.AssertionError: deploymentID should not be null
	at org.junit.Assert.fail(Assert.java:88)
	at org.junit.Assert.assertTrue(Assert.java:41)
	at org.junit.Assert.assertNotNull(Assert.java:621)
	at org.vertx.testtools.VertxAssert.assertNotNull(VertxAssert.java:240)
	at com.ko.emenu.integration.java.ModuleIntegrationTest$2.handle(ModuleIntegrationTest.java:79)
	at com.ko.emenu.integration.java.ModuleIntegrationTest$2.handle(ModuleIntegrationTest.java:74)
	at org.vertx.java.platform.impl.DefaultPlatformManager$15$1.run(DefaultPlatformManager.java:714)
	at org.vertx.java.core.impl.DefaultContext$3.run(DefaultContext.java:176)
	at io.netty.util.concurrent.SingleThreadEventExecutor.runAllTasks(SingleThreadEventExecutor.java:354)
	at io.netty.channel.nio.NioEventLoop.run(NioEventLoop.java:353)
	at io.netty.util.concurrent.SingleThreadEventExecutor$2.run(SingleThreadEventExecutor.java:101)
	at java.lang.Thread.run(Thread.java:724)
</failure>
    <system-out>Starting test: testPing
</system-out>
    <system-err>Dec 29, 2013 6:09:55 PM org.vertx.java.core.logging.impl.JULLogDelegate info
INFO: in testPing()
java.lang.AssertionError
	at org.junit.Assert.fail(Assert.java:86)
	at org.junit.Assert.assertTrue(Assert.java:41)
	at org.junit.Assert.assertTrue(Assert.java:52)
	at org.vertx.testtools.VertxAssert.assertTrue(VertxAssert.java:224)
	at com.ko.emenu.integration.java.ModuleIntegrationTest$2.handle(ModuleIntegrationTest.java:78)
	at com.ko.emenu.integration.java.ModuleIntegrationTest$2.handle(ModuleIntegrationTest.java:74)
	at org.vertx.java.platform.impl.DefaultPlatformManager$15$1.run(DefaultPlatformManager.java:714)
	at org.vertx.java.core.impl.DefaultContext$3.run(DefaultContext.java:176)
	at io.netty.util.concurrent.SingleThreadEventExecutor.runAllTasks(SingleThreadEventExecutor.java:354)
	at io.netty.channel.nio.NioEventLoop.run(NioEventLoop.java:353)
	at io.netty.util.concurrent.SingleThreadEventExecutor$2.run(SingleThreadEventExecutor.java:101)
	at java.lang.Thread.run(Thread.java:724)
java.lang.AssertionError: deploymentID should not be null
	at org.junit.Assert.fail(Assert.java:88)
	at org.junit.Assert.assertTrue(Assert.java:41)
	at org.junit.Assert.assertNotNull(Assert.java:621)
	at org.vertx.testtools.VertxAssert.assertNotNull(VertxAssert.java:240)
	at com.ko.emenu.integration.java.ModuleIntegrationTest$2.handle(ModuleIntegrationTest.java:79)
	at com.ko.emenu.integration.java.ModuleIntegrationTest$2.handle(ModuleIntegrationTest.java:74)
	at org.vertx.java.platform.impl.DefaultPlatformManager$15$1.run(DefaultPlatformManager.java:714)
	at org.vertx.java.core.impl.DefaultContext$3.run(DefaultContext.java:176)
	at io.netty.util.concurrent.SingleThreadEventExecutor.runAllTasks(SingleThreadEventExecutor.java:354)
	at io.netty.channel.nio.NioEventLoop.run(NioEventLoop.java:353)
	at io.netty.util.concurrent.SingleThreadEventExecutor$2.run(SingleThreadEventExecutor.java:101)
	at java.lang.Thread.run(Thread.java:724)
</system-err>
  </testcase>
</testsuite>